dic. 15, 2020 3:02:48 P. M. util.ErrorLogger log
SEVERE: data.ClienteData.getByPId
java.sql.SQLException: no such column: 'id_categoria'
	at org.sqlite.jdbc3.JDBC3ResultSet.findColumn(JDBC3ResultSet.java:49)
	at org.sqlite.jdbc3.JDBC3ResultSet.getInt(JDBC3ResultSet.java:408)
	at data.CountData.getNCategoria(CountData.java:29)
	at data.CountData.main(CountData.java:39)

dic. 15, 2020 3:04:38 P. M. util.ErrorLogger log
SEVERE: data.ClienteData.getByPId
java.sql.SQLException: no such column: 'id_categoria'
	at org.sqlite.jdbc3.JDBC3ResultSet.findColumn(JDBC3ResultSet.java:49)
	at org.sqlite.jdbc3.JDBC3ResultSet.getInt(JDBC3ResultSet.java:408)
	at data.CountData.getNCategoria(CountData.java:30)
	at data.CountData.main(CountData.java:39)

dic. 15, 2020 3:06:27 P. M. util.ErrorLogger log
SEVERE: data.ClienteData.getByPId
java.sql.SQLException: no such column: 'id_categoria'
	at org.sqlite.jdbc3.JDBC3ResultSet.findColumn(JDBC3ResultSet.java:49)
	at org.sqlite.jdbc3.JDBC3ResultSet.getInt(JDBC3ResultSet.java:408)
	at data.CountData.getNCategoria(CountData.java:30)
	at data.CountData.main(CountData.java:39)

